<?xml version="1.0" encoding="UTF-8"?>
<!-- Generated by org.testng.reporters.JUnitReportReporter -->
<testsuite hostname="kalyan" failures="0" tests="1" name="driverFactory.AppTest" time="59.344" errors="0" timestamp="2023-12-16T00:26:26 IST" skipped="0">
  <testcase classname="driverFactory.AppTest" name="kickstart" time="59.344">
    <system-out>
      <![CDATA[Electronics   Electronics]]>
    </system-out>
  </testcase> <!-- kickstart -->
  <system-out>
    <![CDATA[Electronics   Electronics]]>
  </system-out>
</testsuite> <!-- driverFactory.AppTest -->
